<?xml version="1.0" encoding="UTF-8"?>
<testng-results skipped="0" failed="2" total="2" passed="0">
  <reporter-output>
  </reporter-output>
  <suite name="Suite" duration-ms="29443" started-at="2018-03-13T02:25:03Z" finished-at="2018-03-13T02:25:32Z">
    <groups>
    </groups>
    <test name="Test" duration-ms="29443" started-at="2018-03-13T02:25:03Z" finished-at="2018-03-13T02:25:32Z">
      <class name="test.JPTest">
        <test-method status="PASS" signature="readConfig()[pri:0, instance:test.JPTest@5a42bbf4]" name="readConfig" is-config="true" duration-ms="30" started-at="2018-03-13T09:25:03Z" finished-at="2018-03-13T09:25:03Z">
          <reporter-output>
          </reporter-output>
        </test-method> <!-- readConfig -->
        <test-method status="PASS" signature="setupBrowser()[pri:0, instance:test.JPTest@5a42bbf4]" name="setupBrowser" is-config="true" duration-ms="9870" started-at="2018-03-13T09:25:03Z" finished-at="2018-03-13T09:25:13Z">
          <reporter-output>
          </reporter-output>
        </test-method> <!-- setupBrowser -->
        <test-method status="FAIL" signature="jobsTest()[pri:0, instance:test.JPTest@5a42bbf4]" name="jobsTest" duration-ms="10249" started-at="2018-03-13T09:25:13Z" finished-at="2018-03-13T09:25:23Z">
          <exception class="java.lang.AssertionError">
            <message>
              <![CDATA[The following asserts failed:
	/post-an-ad is FAILED !! expected [Post Job Ads | The Jakarta Post Jobs] but found [Post Job Ads | The Jakarta Post Jobs 200 ...TEST]]]>
            </message>
            <full-stacktrace>
              <![CDATA[java.lang.AssertionError: The following asserts failed:
	/post-an-ad is FAILED !! expected [Post Job Ads | The Jakarta Post Jobs] but found [Post Job Ads | The Jakarta Post Jobs 200 ...TEST]
	at org.testng.asserts.SoftAssert.assertAll(SoftAssert.java:43)
	at test.JPTest.testPage(JPTest.java:108)
	at test.JPTest.jobsTest(JPTest.java:136)
	at sun.reflect.NativeMethodAccessorImpl.invoke0(Native Method)
	at sun.reflect.NativeMethodAccessorImpl.invoke(NativeMethodAccessorImpl.java:62)
	at sun.reflect.DelegatingMethodAccessorImpl.invoke(DelegatingMethodAccessorImpl.java:43)
	at java.lang.reflect.Method.invoke(Method.java:498)
	at org.testng.internal.MethodInvocationHelper.invokeMethod(MethodInvocationHelper.java:85)
	at org.testng.internal.Invoker.invokeMethod(Invoker.java:639)
	at org.testng.internal.Invoker.invokeTestMethod(Invoker.java:816)
	at org.testng.internal.Invoker.invokeTestMethods(Invoker.java:1124)
	at org.testng.internal.TestMethodWorker.invokeTestMethods(TestMethodWorker.java:125)
	at org.testng.internal.TestMethodWorker.run(TestMethodWorker.java:108)
	at org.testng.TestRunner.privateRun(TestRunner.java:774)
	at org.testng.TestRunner.run(TestRunner.java:624)
	at org.testng.SuiteRunner.runTest(SuiteRunner.java:359)
	at org.testng.SuiteRunner.runSequentially(SuiteRunner.java:354)
	at org.testng.SuiteRunner.privateRun(SuiteRunner.java:312)
	at org.testng.SuiteRunner.run(SuiteRunner.java:261)
	at org.testng.SuiteRunnerWorker.runSuite(SuiteRunnerWorker.java:52)
	at org.testng.SuiteRunnerWorker.run(SuiteRunnerWorker.java:86)
	at org.testng.TestNG.runSuitesSequentially(TestNG.java:1215)
	at org.testng.TestNG.runSuitesLocally(TestNG.java:1140)
	at org.testng.TestNG.run(TestNG.java:1048)
	at org.testng.TestNG.privateMain(TestNG.java:1355)
	at org.testng.TestNG.main(TestNG.java:1324)
]]>
            </full-stacktrace>
          </exception> <!-- java.lang.AssertionError -->
          <reporter-output>
          </reporter-output>
        </test-method> <!-- jobsTest -->
        <test-method status="FAIL" signature="newsTest()[pri:0, instance:test.JPTest@5a42bbf4]" name="newsTest" duration-ms="9275" started-at="2018-03-13T09:25:23Z" finished-at="2018-03-13T09:25:32Z">
          <exception class="java.lang.AssertionError">
            <message>
              <![CDATA[The following asserts failed:
	/post-an-ad is FAILED !! expected [Post Job Ads | The Jakarta Post Jobs] but found [Post Job Ads | The Jakarta Post Jobs 200 ...TEST],
	/life/health is FAILED !! expected [Life - health - The Jakarta Post] but found [Life - health - The Jakarta Post 200 ...TEST]]]>
            </message>
            <full-stacktrace>
              <![CDATA[java.lang.AssertionError: The following asserts failed:
	/post-an-ad is FAILED !! expected [Post Job Ads | The Jakarta Post Jobs] but found [Post Job Ads | The Jakarta Post Jobs 200 ...TEST],
	/life/health is FAILED !! expected [Life - health - The Jakarta Post] but found [Life - health - The Jakarta Post 200 ...TEST]
	at org.testng.asserts.SoftAssert.assertAll(SoftAssert.java:43)
	at test.JPTest.testPage(JPTest.java:108)
	at test.JPTest.newsTest(JPTest.java:122)
	at sun.reflect.NativeMethodAccessorImpl.invoke0(Native Method)
	at sun.reflect.NativeMethodAccessorImpl.invoke(NativeMethodAccessorImpl.java:62)
	at sun.reflect.DelegatingMethodAccessorImpl.invoke(DelegatingMethodAccessorImpl.java:43)
	at java.lang.reflect.Method.invoke(Method.java:498)
	at org.testng.internal.MethodInvocationHelper.invokeMethod(MethodInvocationHelper.java:85)
	at org.testng.internal.Invoker.invokeMethod(Invoker.java:639)
	at org.testng.internal.Invoker.invokeTestMethod(Invoker.java:816)
	at org.testng.internal.Invoker.invokeTestMethods(Invoker.java:1124)
	at org.testng.internal.TestMethodWorker.invokeTestMethods(TestMethodWorker.java:125)
	at org.testng.internal.TestMethodWorker.run(TestMethodWorker.java:108)
	at org.testng.TestRunner.privateRun(TestRunner.java:774)
	at org.testng.TestRunner.run(TestRunner.java:624)
	at org.testng.SuiteRunner.runTest(SuiteRunner.java:359)
	at org.testng.SuiteRunner.runSequentially(SuiteRunner.java:354)
	at org.testng.SuiteRunner.privateRun(SuiteRunner.java:312)
	at org.testng.SuiteRunner.run(SuiteRunner.java:261)
	at org.testng.SuiteRunnerWorker.runSuite(SuiteRunnerWorker.java:52)
	at org.testng.SuiteRunnerWorker.run(SuiteRunnerWorker.java:86)
	at org.testng.TestNG.runSuitesSequentially(TestNG.java:1215)
	at org.testng.TestNG.runSuitesLocally(TestNG.java:1140)
	at org.testng.TestNG.run(TestNG.java:1048)
	at org.testng.TestNG.privateMain(TestNG.java:1355)
	at org.testng.TestNG.main(TestNG.java:1324)
]]>
            </full-stacktrace>
          </exception> <!-- java.lang.AssertionError -->
          <reporter-output>
          </reporter-output>
        </test-method> <!-- newsTest -->
      </class> <!-- test.JPTest -->
    </test> <!-- Test -->
  </suite> <!-- Suite -->
</testng-results>
